


ARM Macro Assembler    Page 1 


    1 00000000         ;*******************************************************
                       ************************
    2 00000000         ;* File Name          : startup_stm32l476xx.s
    3 00000000         ;* Author             : MCD Application Team
    4 00000000         ;* Description        : STM32L476xx Ultra Low Power devi
                       ces vector table for MDK-ARM toolchain.
    5 00000000         ;*                      This module performs:
    6 00000000         ;*                      - Set the initial SP
    7 00000000         ;*                      - Set the initial PC == Reset_Ha
                       ndler
    8 00000000         ;*                      - Set the vector table entries w
                       ith the exceptions ISR address
    9 00000000         ;*                      - Branches to __main in the C li
                       brary (which eventually
   10 00000000         ;*                        calls main()).
   11 00000000         ;*                      After Reset the Cortex-M4 proces
                       sor is in Thread mode,
   12 00000000         ;*                      priority is Privileged, and the 
                       Stack is set to Main.
   13 00000000         ;* <<< Use Configuration Wizard in Context Menu >>>
   14 00000000         ;*******************************************************
                       ************************
   15 00000000         ;*
   16 00000000         ;* .h2 ..center .&copy; Copyright (c) 2017 STMicroelectr
                       onics.
   17 00000000         ;* All rights reserved../center ../h2 .
   18 00000000         ;*
   19 00000000         ;* This software component is licensed by ST under BSD 3
                       -Clause license,
   20 00000000         ;* the "License"; You may not use this file except in co
                       mpliance with the
   21 00000000         ;* License. You may obtain a copy of the License at:
   22 00000000         ;*                        opensource.org/licenses/BSD-3-
                       Clause
   23 00000000         ;*
   24 00000000         ;*******************************************************
                       ************************
   25 00000000         ;
   26 00000000         ; Amount of memory (in bytes) allocated for Stack
   27 00000000         ; Tailor this value to your application needs
   28 00000000         ; <h> Stack Configuration
   29 00000000         ;   <o> Stack Size (in Bytes) <0x0-0xFFFFFFFF:8>
   30 00000000         ; </h>
   31 00000000         
   32 00000000 00001000 
                       Stack_Size
                               EQU              0x1000
   33 00000000         
   34 00000000                 AREA             STACK, NOINIT, READWRITE, ALIGN
=3
   35 00000000         Stack_Mem
                               SPACE            Stack_Size
   36 00001000         __initial_sp
   37 00001000         
   38 00001000         
   39 00001000         ; <h> Heap Configuration
   40 00001000         ;   <o>  Heap Size (in Bytes) <0x0-0xFFFFFFFF:8>
   41 00001000         ; </h>
   42 00001000         



ARM Macro Assembler    Page 2 


   43 00001000 00000600 
                       Heap_Size
                               EQU              0x600
   44 00001000         
   45 00001000                 AREA             HEAP, NOINIT, READWRITE, ALIGN=
3
   46 00000000         __heap_base
   47 00000000         Heap_Mem
                               SPACE            Heap_Size
   48 00000600         __heap_limit
   49 00000600         
   50 00000600                 PRESERVE8
   51 00000600                 THUMB
   52 00000600         
   53 00000600         
   54 00000600         ; Vector Table Mapped to Address 0 at Reset
   55 00000600                 AREA             RESET, DATA, READONLY
   56 00000000                 EXPORT           __Vectors
   57 00000000                 EXPORT           __Vectors_End
   58 00000000                 EXPORT           __Vectors_Size
   59 00000000         
   60 00000000 00000000 
                       __Vectors
                               DCD              __initial_sp ; Top of Stack
   61 00000004 00000000        DCD              Reset_Handler ; Reset Handler
   62 00000008 00000000        DCD              NMI_Handler ; NMI Handler
   63 0000000C 00000000        DCD              HardFault_Handler ; Hard Fault 
                                                            Handler
   64 00000010 00000000        DCD              MemManage_Handler 
                                                            ; MPU Fault Handler
                                                            
   65 00000014 00000000        DCD              BusFault_Handler 
                                                            ; Bus Fault Handler
                                                            
   66 00000018 00000000        DCD              UsageFault_Handler ; Usage Faul
                                                            t Handler
   67 0000001C 00000000        DCD              0           ; Reserved
   68 00000020 00000000        DCD              0           ; Reserved
   69 00000024 00000000        DCD              0           ; Reserved
   70 00000028 00000000        DCD              0           ; Reserved
   71 0000002C 00000000        DCD              SVC_Handler ; SVCall Handler
   72 00000030 00000000        DCD              DebugMon_Handler ; Debug Monito
                                                            r Handler
   73 00000034 00000000        DCD              0           ; Reserved
   74 00000038 00000000        DCD              OS_CPU_PendSVHandler ; PendSV H
                                                            andler  ;// Modifie
                                                            d by fire （原是 Pe
                                                            ndSV_Handler）
   75 0000003C 00000000        DCD              OS_CPU_SysTickHandler ; SysTick
                                                             Handler ;// Modifi
                                                            ed by fire （原是 S
                                                            ysTick_Handler）
   76 00000040         
   77 00000040         ; External Interrupts
   78 00000040 00000000        DCD              WWDG_IRQHandler 
                                                            ; Window WatchDog
   79 00000044 00000000        DCD              PVD_PVM_IRQHandler ; PVD/PVM1/P
                                                            VM2/PVM3/PVM4 throu
                                                            gh EXTI Line detect



ARM Macro Assembler    Page 3 


                                                            ion
   80 00000048 00000000        DCD              TAMP_STAMP_IRQHandler ; Tamper 
                                                            and TimeStamps thro
                                                            ugh the EXTI line
   81 0000004C 00000000        DCD              RTC_WKUP_IRQHandler ; RTC Wakeu
                                                            p through the EXTI 
                                                            line
   82 00000050 00000000        DCD              FLASH_IRQHandler ; FLASH
   83 00000054 00000000        DCD              RCC_IRQHandler ; RCC
   84 00000058 00000000        DCD              EXTI0_IRQHandler ; EXTI Line0
   85 0000005C 00000000        DCD              EXTI1_IRQHandler ; EXTI Line1
   86 00000060 00000000        DCD              EXTI2_IRQHandler ; EXTI Line2
   87 00000064 00000000        DCD              EXTI3_IRQHandler ; EXTI Line3
   88 00000068 00000000        DCD              EXTI4_IRQHandler ; EXTI Line4
   89 0000006C 00000000        DCD              DMA1_Channel1_IRQHandler 
                                                            ; DMA1 Channel 1
   90 00000070 00000000        DCD              DMA1_Channel2_IRQHandler 
                                                            ; DMA1 Channel 2
   91 00000074 00000000        DCD              DMA1_Channel3_IRQHandler 
                                                            ; DMA1 Channel 3
   92 00000078 00000000        DCD              DMA1_Channel4_IRQHandler 
                                                            ; DMA1 Channel 4
   93 0000007C 00000000        DCD              DMA1_Channel5_IRQHandler 
                                                            ; DMA1 Channel 5
   94 00000080 00000000        DCD              DMA1_Channel6_IRQHandler 
                                                            ; DMA1 Channel 6
   95 00000084 00000000        DCD              DMA1_Channel7_IRQHandler 
                                                            ; DMA1 Channel 7
   96 00000088 00000000        DCD              ADC1_2_IRQHandler ; ADC1, ADC2
   97 0000008C 00000000        DCD              CAN1_TX_IRQHandler ; CAN1 TX
   98 00000090 00000000        DCD              CAN1_RX0_IRQHandler ; CAN1 RX0
   99 00000094 00000000        DCD              CAN1_RX1_IRQHandler ; CAN1 RX1
  100 00000098 00000000        DCD              CAN1_SCE_IRQHandler ; CAN1 SCE
  101 0000009C 00000000        DCD              EXTI9_5_IRQHandler ; External L
                                                            ine[9:5]s
  102 000000A0 00000000        DCD              TIM1_BRK_TIM15_IRQHandler ; TIM
                                                            1 Break and TIM15
  103 000000A4 00000000        DCD              TIM1_UP_TIM16_IRQHandler ; TIM1
                                                             Update and TIM16
  104 000000A8 00000000        DCD              TIM1_TRG_COM_TIM17_IRQHandler ;
                                                             TIM1 Trigger and C
                                                            ommutation and TIM1
                                                            7
  105 000000AC 00000000        DCD              TIM1_CC_IRQHandler ; TIM1 Captu
                                                            re Compare
  106 000000B0 00000000        DCD              TIM2_IRQHandler ; TIM2
  107 000000B4 00000000        DCD              TIM3_IRQHandler ; TIM3
  108 000000B8 00000000        DCD              TIM4_IRQHandler ; TIM4
  109 000000BC 00000000        DCD              I2C1_EV_IRQHandler ; I2C1 Event
                                                            
  110 000000C0 00000000        DCD              I2C1_ER_IRQHandler ; I2C1 Error
                                                            
  111 000000C4 00000000        DCD              I2C2_EV_IRQHandler ; I2C2 Event
                                                            
  112 000000C8 00000000        DCD              I2C2_ER_IRQHandler ; I2C2 Error
                                                            
  113 000000CC 00000000        DCD              SPI1_IRQHandler ; SPI1
  114 000000D0 00000000        DCD              SPI2_IRQHandler ; SPI2
  115 000000D4 00000000        DCD              USART1_IRQHandler ; USART1



ARM Macro Assembler    Page 4 


  116 000000D8 00000000        DCD              USART2_IRQHandler ; USART2
  117 000000DC 00000000        DCD              USART3_IRQHandler ; USART3
  118 000000E0 00000000        DCD              EXTI15_10_IRQHandler ; External
                                                             Line[15:10]
  119 000000E4 00000000        DCD              RTC_Alarm_IRQHandler ; RTC Alar
                                                            m (A and B) through
                                                             EXTI Line
  120 000000E8 00000000        DCD              DFSDM1_FLT3_IRQHandler ; DFSDM1
                                                             Filter 3 global In
                                                            terrupt
  121 000000EC 00000000        DCD              TIM8_BRK_IRQHandler ; TIM8 Brea
                                                            k Interrupt
  122 000000F0 00000000        DCD              TIM8_UP_IRQHandler ; TIM8 Updat
                                                            e Interrupt
  123 000000F4 00000000        DCD              TIM8_TRG_COM_IRQHandler ; TIM8 
                                                            Trigger and Commuta
                                                            tion Interrupt
  124 000000F8 00000000        DCD              TIM8_CC_IRQHandler ; TIM8 Captu
                                                            re Compare Interrup
                                                            t
  125 000000FC 00000000        DCD              ADC3_IRQHandler ; ADC3 global  
                                                            Interrupt
  126 00000100 00000000        DCD              FMC_IRQHandler ; FMC
  127 00000104 00000000        DCD              SDMMC1_IRQHandler ; SDMMC1
  128 00000108 00000000        DCD              TIM5_IRQHandler ; TIM5
  129 0000010C 00000000        DCD              SPI3_IRQHandler ; SPI3
  130 00000110 00000000        DCD              UART4_IRQHandler ; UART4
  131 00000114 00000000        DCD              UART5_IRQHandler ; UART5
  132 00000118 00000000        DCD              TIM6_DAC_IRQHandler ; TIM6 and 
                                                            DAC1&2 underrun err
                                                            ors
  133 0000011C 00000000        DCD              TIM7_IRQHandler ; TIM7
  134 00000120 00000000        DCD              DMA2_Channel1_IRQHandler 
                                                            ; DMA2 Channel 1
  135 00000124 00000000        DCD              DMA2_Channel2_IRQHandler 
                                                            ; DMA2 Channel 2
  136 00000128 00000000        DCD              DMA2_Channel3_IRQHandler 
                                                            ; DMA2 Channel 3
  137 0000012C 00000000        DCD              DMA2_Channel4_IRQHandler 
                                                            ; DMA2 Channel 4
  138 00000130 00000000        DCD              DMA2_Channel5_IRQHandler 
                                                            ; DMA2 Channel 5
  139 00000134 00000000        DCD              DFSDM1_FLT0_IRQHandler ; DFSDM1
                                                             Filter 0 global In
                                                            terrupt
  140 00000138 00000000        DCD              DFSDM1_FLT1_IRQHandler ; DFSDM1
                                                             Filter 1 global In
                                                            terrupt
  141 0000013C 00000000        DCD              DFSDM1_FLT2_IRQHandler ; DFSDM1
                                                             Filter 2 global In
                                                            terrupt
  142 00000140 00000000        DCD              COMP_IRQHandler 
                                                            ; COMP Interrupt
  143 00000144 00000000        DCD              LPTIM1_IRQHandler 
                                                            ; LP TIM1 interrupt
                                                            
  144 00000148 00000000        DCD              LPTIM2_IRQHandler 
                                                            ; LP TIM2 interrupt
                                                            



ARM Macro Assembler    Page 5 


  145 0000014C 00000000        DCD              OTG_FS_IRQHandler ; USB OTG FS
  146 00000150 00000000        DCD              DMA2_Channel6_IRQHandler 
                                                            ; DMA2 Channel 6
  147 00000154 00000000        DCD              DMA2_Channel7_IRQHandler 
                                                            ; DMA2 Channel 7
  148 00000158 00000000        DCD              LPUART1_IRQHandler ; LP UART1 i
                                                            nterrupt
  149 0000015C 00000000        DCD              QUADSPI_IRQHandler ; Quad SPI g
                                                            lobal interrupt
  150 00000160 00000000        DCD              I2C3_EV_IRQHandler ; I2C3 event
                                                            
  151 00000164 00000000        DCD              I2C3_ER_IRQHandler ; I2C3 error
                                                            
  152 00000168 00000000        DCD              SAI1_IRQHandler ; Serial Audio 
                                                            Interface 1 global 
                                                            interrupt
  153 0000016C 00000000        DCD              SAI2_IRQHandler ; Serial Audio 
                                                            Interface 2 global 
                                                            interrupt
  154 00000170 00000000        DCD              SWPMI1_IRQHandler ; Serial Wire
                                                             Interface 1 global
                                                             interrupt
  155 00000174 00000000        DCD              TSC_IRQHandler ; Touch Sense Co
                                                            ntroller global int
                                                            errupt
  156 00000178 00000000        DCD              LCD_IRQHandler ; LCD global int
                                                            errupt
  157 0000017C 00000000        DCD              0           ; Reserved         
                                                                   
  158 00000180 00000000        DCD              RNG_IRQHandler ; RNG global int
                                                            errupt
  159 00000184 00000000        DCD              FPU_IRQHandler ; FPU
  160 00000188         
  161 00000188         __Vectors_End
  162 00000188         
  163 00000188 00000188 
                       __Vectors_Size
                               EQU              __Vectors_End - __Vectors
  164 00000188         
  165 00000188                 AREA             |.text|, CODE, READONLY
  166 00000000         
  167 00000000         ; Reset handler
  168 00000000         Reset_Handler
                               PROC
  169 00000000                 EXPORT           Reset_Handler             [WEAK
]
  170 00000000                 IMPORT           SystemInit
  171 00000000                 IMPORT           __main
  172 00000000         
  173 00000000 4806            LDR              R0, =SystemInit
  174 00000002 4780            BLX              R0
  175 00000004 4806            LDR              R0, =__main
  176 00000006 4700            BX               R0
  177 00000008                 ENDP
  178 00000008         
  179 00000008         ; Dummy Exception Handlers (infinite loops which can be 
                       modified)
  180 00000008         
  181 00000008         NMI_Handler



ARM Macro Assembler    Page 6 


                               PROC
  182 00000008                 EXPORT           NMI_Handler                [WEA
K]
  183 00000008 E7FE            B                .
  184 0000000A                 ENDP
  186 0000000A         HardFault_Handler
                               PROC
  187 0000000A                 EXPORT           HardFault_Handler          [WEA
K]
  188 0000000A E7FE            B                .
  189 0000000C                 ENDP
  191 0000000C         MemManage_Handler
                               PROC
  192 0000000C                 EXPORT           MemManage_Handler          [WEA
K]
  193 0000000C E7FE            B                .
  194 0000000E                 ENDP
  196 0000000E         BusFault_Handler
                               PROC
  197 0000000E                 EXPORT           BusFault_Handler           [WEA
K]
  198 0000000E E7FE            B                .
  199 00000010                 ENDP
  201 00000010         UsageFault_Handler
                               PROC
  202 00000010                 EXPORT           UsageFault_Handler         [WEA
K]
  203 00000010 E7FE            B                .
  204 00000012                 ENDP
  205 00000012         SVC_Handler
                               PROC
  206 00000012                 EXPORT           SVC_Handler                [WEA
K]
  207 00000012 E7FE            B                .
  208 00000014                 ENDP
  210 00000014         DebugMon_Handler
                               PROC
  211 00000014                 EXPORT           DebugMon_Handler           [WEA
K]
  212 00000014 E7FE            B                .
  213 00000016                 ENDP
  214 00000016         OS_CPU_PendSVHandler
                               PROC                         ;// Modified by fir
                                                            e （原是 PendSV Han
                                                            dler）
  215 00000016                 EXPORT           OS_CPU_PendSVHandler           
  [WEAK] 
                                                            ;// Modified by fir
                                                            e （原是 PendSV Han
                                                            dler）
  216 00000016 E7FE            B                .
  217 00000018                 ENDP
  218 00000018         OS_CPU_SysTickHandler
                               PROC                         ;// Modified by fir
                                                            e （原是 SysTick Ha
                                                            ndler）
  219 00000018                 EXPORT           OS_CPU_SysTickHandler          
  [WEAK] 
                                                            ;// Modified by fir



ARM Macro Assembler    Page 7 


                                                            e （原是 SysTick Ha
                                                            ndler）
  220 00000018 E7FE            B                .
  221 0000001A                 ENDP
  222 0000001A         
  223 0000001A         Default_Handler
                               PROC
  224 0000001A         
  225 0000001A                 EXPORT           WWDG_IRQHandler                
   [WEAK]
  226 0000001A                 EXPORT           PVD_PVM_IRQHandler             
   [WEAK]
  227 0000001A                 EXPORT           TAMP_STAMP_IRQHandler          
   [WEAK]
  228 0000001A                 EXPORT           RTC_WKUP_IRQHandler            
   [WEAK]
  229 0000001A                 EXPORT           FLASH_IRQHandler               
   [WEAK]
  230 0000001A                 EXPORT           RCC_IRQHandler                 
   [WEAK]
  231 0000001A                 EXPORT           EXTI0_IRQHandler               
   [WEAK]
  232 0000001A                 EXPORT           EXTI1_IRQHandler               
   [WEAK]
  233 0000001A                 EXPORT           EXTI2_IRQHandler               
   [WEAK]
  234 0000001A                 EXPORT           EXTI3_IRQHandler               
   [WEAK]
  235 0000001A                 EXPORT           EXTI4_IRQHandler               
   [WEAK]
  236 0000001A                 EXPORT           DMA1_Channel1_IRQHandler       
   [WEAK]
  237 0000001A                 EXPORT           DMA1_Channel2_IRQHandler       
   [WEAK]
  238 0000001A                 EXPORT           DMA1_Channel3_IRQHandler       
   [WEAK]
  239 0000001A                 EXPORT           DMA1_Channel4_IRQHandler       
   [WEAK]
  240 0000001A                 EXPORT           DMA1_Channel5_IRQHandler       
   [WEAK]
  241 0000001A                 EXPORT           DMA1_Channel6_IRQHandler       
   [WEAK]
  242 0000001A                 EXPORT           DMA1_Channel7_IRQHandler       
   [WEAK]
  243 0000001A                 EXPORT           ADC1_2_IRQHandler              
   [WEAK]
  244 0000001A                 EXPORT           CAN1_TX_IRQHandler             
   [WEAK]
  245 0000001A                 EXPORT           CAN1_RX0_IRQHandler            
   [WEAK]
  246 0000001A                 EXPORT           CAN1_RX1_IRQHandler            
   [WEAK]
  247 0000001A                 EXPORT           CAN1_SCE_IRQHandler            
   [WEAK]
  248 0000001A                 EXPORT           EXTI9_5_IRQHandler             
   [WEAK]
  249 0000001A                 EXPORT           TIM1_BRK_TIM15_IRQHandler      
   [WEAK]
  250 0000001A                 EXPORT           TIM1_UP_TIM16_IRQHandler       



ARM Macro Assembler    Page 8 


   [WEAK]
  251 0000001A                 EXPORT           TIM1_TRG_COM_TIM17_IRQHandler  
   [WEAK]
  252 0000001A                 EXPORT           TIM1_CC_IRQHandler             
   [WEAK]
  253 0000001A                 EXPORT           TIM2_IRQHandler                
   [WEAK]
  254 0000001A                 EXPORT           TIM3_IRQHandler                
   [WEAK]
  255 0000001A                 EXPORT           TIM4_IRQHandler                
   [WEAK]
  256 0000001A                 EXPORT           I2C1_EV_IRQHandler             
   [WEAK]
  257 0000001A                 EXPORT           I2C1_ER_IRQHandler             
   [WEAK]
  258 0000001A                 EXPORT           I2C2_EV_IRQHandler             
   [WEAK]
  259 0000001A                 EXPORT           I2C2_ER_IRQHandler             
   [WEAK]
  260 0000001A                 EXPORT           SPI1_IRQHandler                
   [WEAK]
  261 0000001A                 EXPORT           SPI2_IRQHandler                
   [WEAK]
  262 0000001A                 EXPORT           USART1_IRQHandler              
   [WEAK]
  263 0000001A                 EXPORT           USART2_IRQHandler              
   [WEAK]
  264 0000001A                 EXPORT           USART3_IRQHandler              
   [WEAK]
  265 0000001A                 EXPORT           EXTI15_10_IRQHandler           
   [WEAK]
  266 0000001A                 EXPORT           RTC_Alarm_IRQHandler           
   [WEAK]
  267 0000001A                 EXPORT           DFSDM1_FLT3_IRQHandler         
   [WEAK]
  268 0000001A                 EXPORT           TIM8_BRK_IRQHandler            
   [WEAK]
  269 0000001A                 EXPORT           TIM8_UP_IRQHandler             
   [WEAK]
  270 0000001A                 EXPORT           TIM8_TRG_COM_IRQHandler        
   [WEAK]
  271 0000001A                 EXPORT           TIM8_CC_IRQHandler             
   [WEAK]
  272 0000001A                 EXPORT           ADC3_IRQHandler                
   [WEAK]
  273 0000001A                 EXPORT           FMC_IRQHandler                 
   [WEAK]
  274 0000001A                 EXPORT           SDMMC1_IRQHandler              
   [WEAK]
  275 0000001A                 EXPORT           TIM5_IRQHandler                
   [WEAK]
  276 0000001A                 EXPORT           SPI3_IRQHandler                
   [WEAK]
  277 0000001A                 EXPORT           UART4_IRQHandler               
   [WEAK]
  278 0000001A                 EXPORT           UART5_IRQHandler               
   [WEAK]
  279 0000001A                 EXPORT           TIM6_DAC_IRQHandler            
   [WEAK]



ARM Macro Assembler    Page 9 


  280 0000001A                 EXPORT           TIM7_IRQHandler                
   [WEAK]
  281 0000001A                 EXPORT           DMA2_Channel1_IRQHandler       
   [WEAK]
  282 0000001A                 EXPORT           DMA2_Channel2_IRQHandler       
   [WEAK]
  283 0000001A                 EXPORT           DMA2_Channel3_IRQHandler       
   [WEAK]
  284 0000001A                 EXPORT           DMA2_Channel4_IRQHandler       
   [WEAK]
  285 0000001A                 EXPORT           DMA2_Channel5_IRQHandler       
   [WEAK]
  286 0000001A                 EXPORT           DFSDM1_FLT0_IRQHandler         
   [WEAK]
  287 0000001A                 EXPORT           DFSDM1_FLT1_IRQHandler         
   [WEAK]
  288 0000001A                 EXPORT           DFSDM1_FLT2_IRQHandler         
   [WEAK]
  289 0000001A                 EXPORT           COMP_IRQHandler                
   [WEAK]
  290 0000001A                 EXPORT           LPTIM1_IRQHandler              
   [WEAK]
  291 0000001A                 EXPORT           LPTIM2_IRQHandler              
   [WEAK]
  292 0000001A                 EXPORT           OTG_FS_IRQHandler              
   [WEAK]
  293 0000001A                 EXPORT           DMA2_Channel6_IRQHandler       
   [WEAK]
  294 0000001A                 EXPORT           DMA2_Channel7_IRQHandler       
   [WEAK]
  295 0000001A                 EXPORT           LPUART1_IRQHandler             
   [WEAK]
  296 0000001A                 EXPORT           QUADSPI_IRQHandler             
   [WEAK]
  297 0000001A                 EXPORT           I2C3_EV_IRQHandler             
   [WEAK]
  298 0000001A                 EXPORT           I2C3_ER_IRQHandler             
   [WEAK]
  299 0000001A                 EXPORT           SAI1_IRQHandler                
   [WEAK]
  300 0000001A                 EXPORT           SAI2_IRQHandler                
   [WEAK]
  301 0000001A                 EXPORT           SWPMI1_IRQHandler              
   [WEAK]
  302 0000001A                 EXPORT           TSC_IRQHandler                 
   [WEAK]
  303 0000001A                 EXPORT           LCD_IRQHandler                 
   [WEAK]
  304 0000001A                 EXPORT           RNG_IRQHandler                 
   [WEAK]
  305 0000001A                 EXPORT           FPU_IRQHandler                 
   [WEAK]
  306 0000001A         
  307 0000001A         WWDG_IRQHandler
  308 0000001A         PVD_PVM_IRQHandler
  309 0000001A         TAMP_STAMP_IRQHandler
  310 0000001A         RTC_WKUP_IRQHandler
  311 0000001A         FLASH_IRQHandler
  312 0000001A         RCC_IRQHandler



ARM Macro Assembler    Page 10 


  313 0000001A         EXTI0_IRQHandler
  314 0000001A         EXTI1_IRQHandler
  315 0000001A         EXTI2_IRQHandler
  316 0000001A         EXTI3_IRQHandler
  317 0000001A         EXTI4_IRQHandler
  318 0000001A         DMA1_Channel1_IRQHandler
  319 0000001A         DMA1_Channel2_IRQHandler
  320 0000001A         DMA1_Channel3_IRQHandler
  321 0000001A         DMA1_Channel4_IRQHandler
  322 0000001A         DMA1_Channel5_IRQHandler
  323 0000001A         DMA1_Channel6_IRQHandler
  324 0000001A         DMA1_Channel7_IRQHandler
  325 0000001A         ADC1_2_IRQHandler
  326 0000001A         CAN1_TX_IRQHandler
  327 0000001A         CAN1_RX0_IRQHandler
  328 0000001A         CAN1_RX1_IRQHandler
  329 0000001A         CAN1_SCE_IRQHandler
  330 0000001A         EXTI9_5_IRQHandler
  331 0000001A         TIM1_BRK_TIM15_IRQHandler
  332 0000001A         TIM1_UP_TIM16_IRQHandler
  333 0000001A         TIM1_TRG_COM_TIM17_IRQHandler
  334 0000001A         TIM1_CC_IRQHandler
  335 0000001A         TIM2_IRQHandler
  336 0000001A         TIM3_IRQHandler
  337 0000001A         TIM4_IRQHandler
  338 0000001A         I2C1_EV_IRQHandler
  339 0000001A         I2C1_ER_IRQHandler
  340 0000001A         I2C2_EV_IRQHandler
  341 0000001A         I2C2_ER_IRQHandler
  342 0000001A         SPI1_IRQHandler
  343 0000001A         SPI2_IRQHandler
  344 0000001A         USART1_IRQHandler
  345 0000001A         USART2_IRQHandler
  346 0000001A         USART3_IRQHandler
  347 0000001A         EXTI15_10_IRQHandler
  348 0000001A         RTC_Alarm_IRQHandler
  349 0000001A         DFSDM1_FLT3_IRQHandler
  350 0000001A         TIM8_BRK_IRQHandler
  351 0000001A         TIM8_UP_IRQHandler
  352 0000001A         TIM8_TRG_COM_IRQHandler
  353 0000001A         TIM8_CC_IRQHandler
  354 0000001A         ADC3_IRQHandler
  355 0000001A         FMC_IRQHandler
  356 0000001A         SDMMC1_IRQHandler
  357 0000001A         TIM5_IRQHandler
  358 0000001A         SPI3_IRQHandler
  359 0000001A         UART4_IRQHandler
  360 0000001A         UART5_IRQHandler
  361 0000001A         TIM6_DAC_IRQHandler
  362 0000001A         TIM7_IRQHandler
  363 0000001A         DMA2_Channel1_IRQHandler
  364 0000001A         DMA2_Channel2_IRQHandler
  365 0000001A         DMA2_Channel3_IRQHandler
  366 0000001A         DMA2_Channel4_IRQHandler
  367 0000001A         DMA2_Channel5_IRQHandler
  368 0000001A         DFSDM1_FLT0_IRQHandler
  369 0000001A         DFSDM1_FLT1_IRQHandler
  370 0000001A         DFSDM1_FLT2_IRQHandler
  371 0000001A         COMP_IRQHandler



ARM Macro Assembler    Page 11 


  372 0000001A         LPTIM1_IRQHandler
  373 0000001A         LPTIM2_IRQHandler
  374 0000001A         OTG_FS_IRQHandler
  375 0000001A         DMA2_Channel6_IRQHandler
  376 0000001A         DMA2_Channel7_IRQHandler
  377 0000001A         LPUART1_IRQHandler
  378 0000001A         QUADSPI_IRQHandler
  379 0000001A         I2C3_EV_IRQHandler
  380 0000001A         I2C3_ER_IRQHandler
  381 0000001A         SAI1_IRQHandler
  382 0000001A         SAI2_IRQHandler
  383 0000001A         SWPMI1_IRQHandler
  384 0000001A         TSC_IRQHandler
  385 0000001A         LCD_IRQHandler
  386 0000001A         RNG_IRQHandler
  387 0000001A         FPU_IRQHandler
  388 0000001A         
  389 0000001A E7FE            B                .
  390 0000001C         
  391 0000001C                 ENDP
  392 0000001C         
  393 0000001C                 ALIGN
  394 0000001C         
  395 0000001C         ;*******************************************************
                       ************************
  396 0000001C         ; User Stack and Heap initialization
  397 0000001C         ;*******************************************************
                       ************************
  398 0000001C                 IF               :DEF:__MICROLIB
  399 0000001C         
  400 0000001C                 EXPORT           __initial_sp
  401 0000001C                 EXPORT           __heap_base
  402 0000001C                 EXPORT           __heap_limit
  403 0000001C         
  404 0000001C                 ELSE
  419                          ENDIF
  420 0000001C         
  421 0000001C                 END
              00000000 
              00000000 
Command Line: --diag_suppress=9931 --cpu=Cortex-M4.fp --apcs=interwork --depend
=.\obj\startup_stm32l476xxo.d -o.\obj\startup_stm32l476xxo.o -I.\RTE\_TL4A -IC:
\Keil_v5\ARM\PACK\ARM\CMSIS\5.3.0\CMSIS\Include -IC:\Keil_v5\ARM\PACK\Keil\STM3
2L4xx_DFP\2.2.0\Drivers\CMSIS\Device\ST\STM32L4xx\Include --predefine="__MICROL
IB SETA 1" --predefine="__UVISION_VERSION SETA 525" --predefine="_RTE_ SETA 1" 
--predefine="STM32L476xx SETA 1" --list=.\obj\startup_stm32l476xxo.lst ..\Drive
rs\startup_stm32l476xxO.s
